This file contains any messages produced by compilers while
running configure, to aid debugging if configure makes a mistake.

It was created by e2guardian configure 5.1.1, which was
generated by GNU Autoconf 2.69.  Invocation command line was

  $ ./configure --prefix=/usr --enable-clamd=yes --with-proxyuser=e2guardian --with-proxygroup=e2guardian --sysconfdir=/etc --localstatedir=/var --enable-icap=yes --enable-commandline=yes --enable-email=yes --enable-ntlm=yes --enable-trickledm=yes --mandir=${prefix}/share/man --infodir=${prefix}/share/info CXXFLAGS=-g -O2 -fstack-protector --param=ssp-buffer-size=4 -Wformat -Werror=format-security LDFLAGS=-Wl,-z,relro CPPFLAGS=-D_FORTIFY_SOURCE=2 CFLAGS=-g -O2 -fstack-protector --param=ssp-buffer-size=4 -Wformat -Werror=format-security --enable-pcre=yes --enable-locallists=yes --enable-sslmitm=yes

## --------- ##
## Platform. ##
## --------- ##

hostname = localhost
uname -m = x86_64
uname -r = 4.15.13-x86_64-linode106
uname -s = Linux
uname -v = #1 SMP Tue Mar 27 14:42:14 UTC 2018

/usr/bin/uname -p = unknown
/bin/uname -X     = unknown

/bin/arch              = unknown
/usr/bin/arch -k       = unknown
/usr/convex/getsysinfo = unknown
/usr/bin/hostinfo      = unknown
/bin/machine           = unknown
/usr/bin/oslevel       = unknown
/bin/universe          = unknown

PATH: /usr/local/sbin
PATH: /usr/local/bin
PATH: /usr/sbin
PATH: /usr/bin
PATH: /sbin
PATH: /bin
PATH: /usr/games
PATH: /usr/local/games


## ----------- ##
## Core tests. ##
## ----------- ##

configure:2479: checking for a BSD-compatible install
configure:2547: result: /usr/bin/install -c
configure:2558: checking whether build environment is sane
configure:2613: result: yes
configure:2651: WARNING: 'missing' script is too old or missing
configure:2764: checking for a thread-safe mkdir -p
configure:2803: result: /bin/mkdir -p
configure:2810: checking for gawk
configure:2826: found /usr/bin/gawk
configure:2837: result: gawk
configure:2848: checking whether make sets $(MAKE)
configure:2870: result: yes
configure:2899: checking whether make supports nested variables
configure:2916: result: yes
configure:3238: checking for g++
configure:3254: found /usr/bin/g++
configure:3265: result: g++
configure:3292: checking for C++ compiler version
configure:3301: g++ --version >&5
g++ (Ubuntu 5.4.0-6ubuntu1~16.04.9) 5.4.0 20160609
Copyright (C) 2015 Free Software Foundation, Inc.
This is free software; see the source for copying conditions.  There is NO
warranty; not even for MERCHANTABILITY or FITNESS FOR A PARTICULAR PURPOSE.

configure:3312: $? = 0
configure:3301: g++ -v >&5
Using built-in specs.
COLLECT_GCC=g++
COLLECT_LTO_WRAPPER=/usr/lib/gcc/x86_64-linux-gnu/5/lto-wrapper
Target: x86_64-linux-gnu
Configured with: ../src/configure -v --with-pkgversion='Ubuntu 5.4.0-6ubuntu1~16.04.9' --with-bugurl=file:///usr/share/doc/gcc-5/README.Bugs --enable-languages=c,ada,c++,java,go,d,fortran,objc,obj-c++ --prefix=/usr --program-suffix=-5 --enable-shared --enable-linker-build-id --libexecdir=/usr/lib --without-included-gettext --enable-threads=posix --libdir=/usr/lib --enable-nls --with-sysroot=/ --enable-clocale=gnu --enable-libstdcxx-debug --enable-libstdcxx-time=yes --with-default-libstdcxx-abi=new --enable-gnu-unique-object --disable-vtable-verify --enable-libmpx --enable-plugin --with-system-zlib --disable-browser-plugin --enable-java-awt=gtk --enable-gtk-cairo --with-java-home=/usr/lib/jvm/java-1.5.0-gcj-5-amd64/jre --enable-java-home --with-jvm-root-dir=/usr/lib/jvm/java-1.5.0-gcj-5-amd64 --with-jvm-jar-dir=/usr/lib/jvm-exports/java-1.5.0-gcj-5-amd64 --with-arch-directory=amd64 --with-ecj-jar=/usr/share/java/eclipse-ecj.jar --enable-objc-gc --enable-multiarch --disable-werror --with-arch-32=i686 --with-abi=m64 --with-multilib-list=m32,m64,mx32 --enable-multilib --with-tune=generic --enable-checking=release --build=x86_64-linux-gnu --host=x86_64-linux-gnu --target=x86_64-linux-gnu
Thread model: posix
gcc version 5.4.0 20160609 (Ubuntu 5.4.0-6ubuntu1~16.04.9) 
configure:3312: $? = 0
configure:3301: g++ -V >&5
g++: error: unrecognized command line option '-V'
g++: fatal error: no input files
compilation terminated.
configure:3312: $? = 1
configure:3301: g++ -qversion >&5
g++: error: unrecognized command line option '-qversion'
g++: fatal error: no input files
compilation terminated.
configure:3312: $? = 1
configure:3332: checking whether the C++ compiler works
configure:3354: g++ -g -O2 -fstack-protector --param=ssp-buffer-size=4 -Wformat -Werror=format-security -D_FORTIFY_SOURCE=2 -Wl,-z,relro conftest.cpp  >&5
configure:3358: $? = 0
configure:3406: result: yes
configure:3409: checking for C++ compiler default output file name
configure:3411: result: a.out
configure:3417: checking for suffix of executables
configure:3424: g++ -o conftest -g -O2 -fstack-protector --param=ssp-buffer-size=4 -Wformat -Werror=format-security -D_FORTIFY_SOURCE=2 -Wl,-z,relro conftest.cpp  >&5
configure:3428: $? = 0
configure:3450: result: 
configure:3472: checking whether we are cross compiling
configure:3480: g++ -o conftest -g -O2 -fstack-protector --param=ssp-buffer-size=4 -Wformat -Werror=format-security -D_FORTIFY_SOURCE=2 -Wl,-z,relro conftest.cpp  >&5
configure:3484: $? = 0
configure:3491: ./conftest
configure:3495: $? = 0
configure:3510: result: no
configure:3515: checking for suffix of object files
configure:3537: g++ -c -g -O2 -fstack-protector --param=ssp-buffer-size=4 -Wformat -Werror=format-security -D_FORTIFY_SOURCE=2 conftest.cpp >&5
configure:3541: $? = 0
configure:3562: result: o
configure:3566: checking whether we are using the GNU C++ compiler
configure:3585: g++ -c -g -O2 -fstack-protector --param=ssp-buffer-size=4 -Wformat -Werror=format-security -D_FORTIFY_SOURCE=2 conftest.cpp >&5
configure:3585: $? = 0
configure:3594: result: yes
configure:3603: checking whether g++ accepts -g
configure:3623: g++ -c -g -D_FORTIFY_SOURCE=2 conftest.cpp >&5
configure:3623: $? = 0
configure:3664: result: yes
configure:3698: checking for style of include used by make
configure:3726: result: GNU
configure:3752: checking dependency style of g++
configure:3863: result: gcc3
configure:3880: checking dependency style of g++
configure:3991: result: gcc3
configure:4054: checking for gcc
configure:4070: found /usr/bin/gcc
configure:4081: result: gcc
configure:4310: checking for C compiler version
configure:4319: gcc --version >&5
gcc (Ubuntu 5.4.0-6ubuntu1~16.04.9) 5.4.0 20160609
Copyright (C) 2015 Free Software Foundation, Inc.
This is free software; see the source for copying conditions.  There is NO
warranty; not even for MERCHANTABILITY or FITNESS FOR A PARTICULAR PURPOSE.

configure:4330: $? = 0
configure:4319: gcc -v >&5
Using built-in specs.
COLLECT_GCC=gcc
COLLECT_LTO_WRAPPER=/usr/lib/gcc/x86_64-linux-gnu/5/lto-wrapper
Target: x86_64-linux-gnu
Configured with: ../src/configure -v --with-pkgversion='Ubuntu 5.4.0-6ubuntu1~16.04.9' --with-bugurl=file:///usr/share/doc/gcc-5/README.Bugs --enable-languages=c,ada,c++,java,go,d,fortran,objc,obj-c++ --prefix=/usr --program-suffix=-5 --enable-shared --enable-linker-build-id --libexecdir=/usr/lib --without-included-gettext --enable-threads=posix --libdir=/usr/lib --enable-nls --with-sysroot=/ --enable-clocale=gnu --enable-libstdcxx-debug --enable-libstdcxx-time=yes --with-default-libstdcxx-abi=new --enable-gnu-unique-object --disable-vtable-verify --enable-libmpx --enable-plugin --with-system-zlib --disable-browser-plugin --enable-java-awt=gtk --enable-gtk-cairo --with-java-home=/usr/lib/jvm/java-1.5.0-gcj-5-amd64/jre --enable-java-home --with-jvm-root-dir=/usr/lib/jvm/java-1.5.0-gcj-5-amd64 --with-jvm-jar-dir=/usr/lib/jvm-exports/java-1.5.0-gcj-5-amd64 --with-arch-directory=amd64 --with-ecj-jar=/usr/share/java/eclipse-ecj.jar --enable-objc-gc --enable-multiarch --disable-werror --with-arch-32=i686 --with-abi=m64 --with-multilib-list=m32,m64,mx32 --enable-multilib --with-tune=generic --enable-checking=release --build=x86_64-linux-gnu --host=x86_64-linux-gnu --target=x86_64-linux-gnu
Thread model: posix
gcc version 5.4.0 20160609 (Ubuntu 5.4.0-6ubuntu1~16.04.9) 
configure:4330: $? = 0
configure:4319: gcc -V >&5
gcc: error: unrecognized command line option '-V'
gcc: fatal error: no input files
compilation terminated.
configure:4330: $? = 1
configure:4319: gcc -qversion >&5
gcc: error: unrecognized command line option '-qversion'
gcc: fatal error: no input files
compilation terminated.
configure:4330: $? = 1
configure:4334: checking whether we are using the GNU C compiler
configure:4353: gcc -c -g -O2 -fstack-protector --param=ssp-buffer-size=4 -Wformat -Werror=format-security -D_FORTIFY_SOURCE=2 conftest.c >&5
configure:4353: $? = 0
configure:4362: result: yes
configure:4371: checking whether gcc accepts -g
configure:4391: gcc -c -g -D_FORTIFY_SOURCE=2 conftest.c >&5
configure:4391: $? = 0
configure:4432: result: yes
configure:4449: checking for gcc option to accept ISO C89
configure:4512: gcc  -c -g -O2 -fstack-protector --param=ssp-buffer-size=4 -Wformat -Werror=format-security -D_FORTIFY_SOURCE=2 conftest.c >&5
configure:4512: $? = 0
configure:4525: result: none needed
configure:4550: checking whether gcc understands -c and -o together
configure:4572: gcc -c conftest.c -o conftest2.o
configure:4575: $? = 0
configure:4572: gcc -c conftest.c -o conftest2.o
configure:4575: $? = 0
configure:4587: result: yes
configure:4606: checking dependency style of gcc
configure:4717: result: gcc3
configure:4734: checking dependency style of gcc
configure:4845: result: gcc3
configure:4865: checking how to run the C preprocessor
configure:4896: gcc -E -D_FORTIFY_SOURCE=2 conftest.c
configure:4896: $? = 0
configure:4910: gcc -E -D_FORTIFY_SOURCE=2 conftest.c
conftest.c:13:28: fatal error: ac_nonexistent.h: No such file or directory
compilation terminated.
configure:4910: $? = 1
configure: failed program was:
| /* confdefs.h */
| #define PACKAGE_NAME "e2guardian"
| #define PACKAGE_TARNAME "e2guardian"
| #define PACKAGE_VERSION "5.1.1"
| #define PACKAGE_STRING "e2guardian 5.1.1"
| #define PACKAGE_BUGREPORT ""
| #define PACKAGE_URL ""
| #define PACKAGE "e2guardian"
| #define VERSION "5.1.1"
| #define PACKAGE "e2guardian"
| #define VERSION "5.1.1"
| /* end confdefs.h.  */
| #include <ac_nonexistent.h>
configure:4935: result: gcc -E
configure:4955: gcc -E -D_FORTIFY_SOURCE=2 conftest.c
configure:4955: $? = 0
configure:4969: gcc -E -D_FORTIFY_SOURCE=2 conftest.c
conftest.c:13:28: fatal error: ac_nonexistent.h: No such file or directory
compilation terminated.
configure:4969: $? = 1
configure: failed program was:
| /* confdefs.h */
| #define PACKAGE_NAME "e2guardian"
| #define PACKAGE_TARNAME "e2guardian"
| #define PACKAGE_VERSION "5.1.1"
| #define PACKAGE_STRING "e2guardian 5.1.1"
| #define PACKAGE_BUGREPORT ""
| #define PACKAGE_URL ""
| #define PACKAGE "e2guardian"
| #define VERSION "5.1.1"
| #define PACKAGE "e2guardian"
| #define VERSION "5.1.1"
| /* end confdefs.h.  */
| #include <ac_nonexistent.h>
configure:4998: checking whether ln -s works
configure:5002: result: yes
configure:5009: checking whether make sets $(MAKE)
configure:5031: result: yes
configure:5150: checking how to run the C++ preprocessor
configure:5177: g++ -E -D_FORTIFY_SOURCE=2 conftest.cpp
configure:5177: $? = 0
configure:5191: g++ -E -D_FORTIFY_SOURCE=2 conftest.cpp
conftest.cpp:13:28: fatal error: ac_nonexistent.h: No such file or directory
compilation terminated.
configure:5191: $? = 1
configure: failed program was:
| /* confdefs.h */
| #define PACKAGE_NAME "e2guardian"
| #define PACKAGE_TARNAME "e2guardian"
| #define PACKAGE_VERSION "5.1.1"
| #define PACKAGE_STRING "e2guardian 5.1.1"
| #define PACKAGE_BUGREPORT ""
| #define PACKAGE_URL ""
| #define PACKAGE "e2guardian"
| #define VERSION "5.1.1"
| #define PACKAGE "e2guardian"
| #define VERSION "5.1.1"
| /* end confdefs.h.  */
| #include <ac_nonexistent.h>
configure:5216: result: g++ -E
configure:5236: g++ -E -D_FORTIFY_SOURCE=2 conftest.cpp
configure:5236: $? = 0
configure:5250: g++ -E -D_FORTIFY_SOURCE=2 conftest.cpp
conftest.cpp:13:28: fatal error: ac_nonexistent.h: No such file or directory
compilation terminated.
configure:5250: $? = 1
configure: failed program was:
| /* confdefs.h */
| #define PACKAGE_NAME "e2guardian"
| #define PACKAGE_TARNAME "e2guardian"
| #define PACKAGE_VERSION "5.1.1"
| #define PACKAGE_STRING "e2guardian 5.1.1"
| #define PACKAGE_BUGREPORT ""
| #define PACKAGE_URL ""
| #define PACKAGE "e2guardian"
| #define VERSION "5.1.1"
| #define PACKAGE "e2guardian"
| #define VERSION "5.1.1"
| /* end confdefs.h.  */
| #include <ac_nonexistent.h>
configure:5279: checking for grep that handles long lines and -e
configure:5337: result: /bin/grep
configure:5342: checking for egrep
configure:5404: result: /bin/grep -E
configure:5409: checking for ANSI C header files
configure:5429: g++ -c -g -O2 -fstack-protector --param=ssp-buffer-size=4 -Wformat -Werror=format-security -D_FORTIFY_SOURCE=2 conftest.cpp >&5
configure:5429: $? = 0
configure:5502: g++ -o conftest -g -O2 -fstack-protector --param=ssp-buffer-size=4 -Wformat -Werror=format-security -D_FORTIFY_SOURCE=2 -Wl,-z,relro conftest.cpp  >&5
configure:5502: $? = 0
configure:5502: ./conftest
configure:5502: $? = 0
configure:5513: result: yes
configure:5526: checking for sys/types.h
configure:5526: g++ -c -g -O2 -fstack-protector --param=ssp-buffer-size=4 -Wformat -Werror=format-security -D_FORTIFY_SOURCE=2 conftest.cpp >&5
configure:5526: $? = 0
configure:5526: result: yes
configure:5526: checking for sys/stat.h
configure:5526: g++ -c -g -O2 -fstack-protector --param=ssp-buffer-size=4 -Wformat -Werror=format-security -D_FORTIFY_SOURCE=2 conftest.cpp >&5
configure:5526: $? = 0
configure:5526: result: yes
configure:5526: checking for stdlib.h
configure:5526: g++ -c -g -O2 -fstack-protector --param=ssp-buffer-size=4 -Wformat -Werror=format-security -D_FORTIFY_SOURCE=2 conftest.cpp >&5
configure:5526: $? = 0
configure:5526: result: yes
configure:5526: checking for string.h
configure:5526: g++ -c -g -O2 -fstack-protector --param=ssp-buffer-size=4 -Wformat -Werror=format-security -D_FORTIFY_SOURCE=2 conftest.cpp >&5
configure:5526: $? = 0
configure:5526: result: yes
configure:5526: checking for memory.h
configure:5526: g++ -c -g -O2 -fstack-protector --param=ssp-buffer-size=4 -Wformat -Werror=format-security -D_FORTIFY_SOURCE=2 conftest.cpp >&5
configure:5526: $? = 0
configure:5526: result: yes
configure:5526: checking for strings.h
configure:5526: g++ -c -g -O2 -fstack-protector --param=ssp-buffer-size=4 -Wformat -Werror=format-security -D_FORTIFY_SOURCE=2 conftest.cpp >&5
configure:5526: $? = 0
configure:5526: result: yes
configure:5526: checking for inttypes.h
configure:5526: g++ -c -g -O2 -fstack-protector --param=ssp-buffer-size=4 -Wformat -Werror=format-security -D_FORTIFY_SOURCE=2 conftest.cpp >&5
configure:5526: $? = 0
configure:5526: result: yes
configure:5526: checking for stdint.h
configure:5526: g++ -c -g -O2 -fstack-protector --param=ssp-buffer-size=4 -Wformat -Werror=format-security -D_FORTIFY_SOURCE=2 conftest.cpp >&5
configure:5526: $? = 0
configure:5526: result: yes
configure:5526: checking for unistd.h
configure:5526: g++ -c -g -O2 -fstack-protector --param=ssp-buffer-size=4 -Wformat -Werror=format-security -D_FORTIFY_SOURCE=2 conftest.cpp >&5
configure:5526: $? = 0
configure:5526: result: yes
configure:5541: checking arpa/inet.h usability
configure:5541: g++ -c -g -O2 -fstack-protector --param=ssp-buffer-size=4 -Wformat -Werror=format-security -D_FORTIFY_SOURCE=2 conftest.cpp >&5
configure:5541: $? = 0
configure:5541: result: yes
configure:5541: checking arpa/inet.h presence
configure:5541: g++ -E -D_FORTIFY_SOURCE=2 conftest.cpp
configure:5541: $? = 0
configure:5541: result: yes
configure:5541: checking for arpa/inet.h
configure:5541: result: yes
configure:5541: checking fcntl.h usability
configure:5541: g++ -c -g -O2 -fstack-protector --param=ssp-buffer-size=4 -Wformat -Werror=format-security -D_FORTIFY_SOURCE=2 conftest.cpp >&5
configure:5541: $? = 0
configure:5541: result: yes
configure:5541: checking fcntl.h presence
configure:5541: g++ -E -D_FORTIFY_SOURCE=2 conftest.cpp
configure:5541: $? = 0
configure:5541: result: yes
configure:5541: checking for fcntl.h
configure:5541: result: yes
configure:5541: checking limits.h usability
configure:5541: g++ -c -g -O2 -fstack-protector --param=ssp-buffer-size=4 -Wformat -Werror=format-security -D_FORTIFY_SOURCE=2 conftest.cpp >&5
configure:5541: $? = 0
configure:5541: result: yes
configure:5541: checking limits.h presence
configure:5541: g++ -E -D_FORTIFY_SOURCE=2 conftest.cpp
configure:5541: $? = 0
configure:5541: result: yes
configure:5541: checking for limits.h
configure:5541: result: yes
configure:5541: checking netdb.h usability
configure:5541: g++ -c -g -O2 -fstack-protector --param=ssp-buffer-size=4 -Wformat -Werror=format-security -D_FORTIFY_SOURCE=2 conftest.cpp >&5
configure:5541: $? = 0
configure:5541: result: yes
configure:5541: checking netdb.h presence
configure:5541: g++ -E -D_FORTIFY_SOURCE=2 conftest.cpp
configure:5541: $? = 0
configure:5541: result: yes
configure:5541: checking for netdb.h
configure:5541: result: yes
configure:5541: checking netinet/in.h usability
configure:5541: g++ -c -g -O2 -fstack-protector --param=ssp-buffer-size=4 -Wformat -Werror=format-security -D_FORTIFY_SOURCE=2 conftest.cpp >&5
configure:5541: $? = 0
configure:5541: result: yes
configure:5541: checking netinet/in.h presence
configure:5541: g++ -E -D_FORTIFY_SOURCE=2 conftest.cpp
configure:5541: $? = 0
configure:5541: result: yes
configure:5541: checking for netinet/in.h
configure:5541: result: yes
configure:5541: checking for stdlib.h
configure:5541: result: yes
configure:5554: checking for string.h
configure:5554: result: yes
configure:5554: checking sys/socket.h usability
configure:5554: g++ -c -g -O2 -fstack-protector --param=ssp-buffer-size=4 -Wformat -Werror=format-security -D_FORTIFY_SOURCE=2 conftest.cpp >&5
configure:5554: $? = 0
configure:5554: result: yes
configure:5554: checking sys/socket.h presence
configure:5554: g++ -E -D_FORTIFY_SOURCE=2 conftest.cpp
configure:5554: $? = 0
configure:5554: result: yes
configure:5554: checking for sys/socket.h
configure:5554: result: yes
configure:5554: checking sys/time.h usability
configure:5554: g++ -c -g -O2 -fstack-protector --param=ssp-buffer-size=4 -Wformat -Werror=format-security -D_FORTIFY_SOURCE=2 conftest.cpp >&5
configure:5554: $? = 0
configure:5554: result: yes
configure:5554: checking sys/time.h presence
configure:5554: g++ -E -D_FORTIFY_SOURCE=2 conftest.cpp
configure:5554: $? = 0
configure:5554: result: yes
configure:5554: checking for sys/time.h
configure:5554: result: yes
configure:5554: checking syslog.h usability
configure:5554: g++ -c -g -O2 -fstack-protector --param=ssp-buffer-size=4 -Wformat -Werror=format-security -D_FORTIFY_SOURCE=2 conftest.cpp >&5
configure:5554: $? = 0
configure:5554: result: yes
configure:5554: checking syslog.h presence
configure:5554: g++ -E -D_FORTIFY_SOURCE=2 conftest.cpp
configure:5554: $? = 0
configure:5554: result: yes
configure:5554: checking for syslog.h
configure:5554: result: yes
configure:5554: checking for unistd.h
configure:5554: result: yes
configure:5554: checking locale.h usability
configure:5554: g++ -c -g -O2 -fstack-protector --param=ssp-buffer-size=4 -Wformat -Werror=format-security -D_FORTIFY_SOURCE=2 conftest.cpp >&5
configure:5554: $? = 0
configure:5554: result: yes
configure:5554: checking locale.h presence
configure:5554: g++ -E -D_FORTIFY_SOURCE=2 conftest.cpp
configure:5554: $? = 0
configure:5554: result: yes
configure:5554: checking for locale.h
configure:5554: result: yes
configure:5567: checking for sys/types.h
configure:5567: result: yes
configure:5567: checking sys/un.h usability
configure:5567: g++ -c -g -O2 -fstack-protector --param=ssp-buffer-size=4 -Wformat -Werror=format-security -D_FORTIFY_SOURCE=2 conftest.cpp >&5
configure:5567: $? = 0
configure:5567: result: yes
configure:5567: checking sys/un.h presence
configure:5567: g++ -E -D_FORTIFY_SOURCE=2 conftest.cpp
configure:5567: $? = 0
configure:5567: result: yes
configure:5567: checking for sys/un.h
configure:5567: result: yes
configure:5567: checking sys/poll.h usability
configure:5567: g++ -c -g -O2 -fstack-protector --param=ssp-buffer-size=4 -Wformat -Werror=format-security -D_FORTIFY_SOURCE=2 conftest.cpp >&5
configure:5567: $? = 0
configure:5567: result: yes
configure:5567: checking sys/poll.h presence
configure:5567: g++ -E -D_FORTIFY_SOURCE=2 conftest.cpp
configure:5567: $? = 0
configure:5567: result: yes
configure:5567: checking for sys/poll.h
configure:5567: result: yes
configure:5567: checking sys/epoll.h usability
configure:5567: g++ -c -g -O2 -fstack-protector --param=ssp-buffer-size=4 -Wformat -Werror=format-security -D_FORTIFY_SOURCE=2 conftest.cpp >&5
configure:5567: $? = 0
configure:5567: result: yes
configure:5567: checking sys/epoll.h presence
configure:5567: g++ -E -D_FORTIFY_SOURCE=2 conftest.cpp
configure:5567: $? = 0
configure:5567: result: yes
configure:5567: checking for sys/epoll.h
configure:5567: result: yes
configure:5567: checking sys/resource.h usability
configure:5567: g++ -c -g -O2 -fstack-protector --param=ssp-buffer-size=4 -Wformat -Werror=format-security -D_FORTIFY_SOURCE=2 conftest.cpp >&5
configure:5567: $? = 0
configure:5567: result: yes
configure:5567: checking sys/resource.h presence
configure:5567: g++ -E -D_FORTIFY_SOURCE=2 conftest.cpp
configure:5567: $? = 0
configure:5567: result: yes
configure:5567: checking for sys/resource.h
configure:5567: result: yes
configure:5580: checking pwd.h usability
configure:5580: g++ -c -g -O2 -fstack-protector --param=ssp-buffer-size=4 -Wformat -Werror=format-security -D_FORTIFY_SOURCE=2 conftest.cpp >&5
configure:5580: $? = 0
configure:5580: result: yes
configure:5580: checking pwd.h presence
configure:5580: g++ -E -D_FORTIFY_SOURCE=2 conftest.cpp
configure:5580: $? = 0
configure:5580: result: yes
configure:5580: checking for pwd.h
configure:5580: result: yes
configure:5580: checking grp.h usability
configure:5580: g++ -c -g -O2 -fstack-protector --param=ssp-buffer-size=4 -Wformat -Werror=format-security -D_FORTIFY_SOURCE=2 conftest.cpp >&5
configure:5580: $? = 0
configure:5580: result: yes
configure:5580: checking grp.h presence
configure:5580: g++ -E -D_FORTIFY_SOURCE=2 conftest.cpp
configure:5580: $? = 0
configure:5580: result: yes
configure:5580: checking for grp.h
configure:5580: result: yes
configure:5592: checking byteswap.h usability
configure:5592: g++ -c -g -O2 -fstack-protector --param=ssp-buffer-size=4 -Wformat -Werror=format-security -D_FORTIFY_SOURCE=2 conftest.cpp >&5
configure:5592: $? = 0
configure:5592: result: yes
configure:5592: checking byteswap.h presence
configure:5592: g++ -E -D_FORTIFY_SOURCE=2 conftest.cpp
configure:5592: $? = 0
configure:5592: result: yes
configure:5592: checking for byteswap.h
configure:5592: result: yes
configure:5604: checking whether byte ordering is bigendian
configure:5619: g++ -c -g -O2 -fstack-protector --param=ssp-buffer-size=4 -Wformat -Werror=format-security -D_FORTIFY_SOURCE=2 conftest.cpp >&5
conftest.cpp:44:9: error: expected unqualified-id before 'not' token
         not a universal capable compiler
         ^
configure:5619: $? = 1
configure: failed program was:
| /* confdefs.h */
| #define PACKAGE_NAME "e2guardian"
| #define PACKAGE_TARNAME "e2guardian"
| #define PACKAGE_VERSION "5.1.1"
| #define PACKAGE_STRING "e2guardian 5.1.1"
| #define PACKAGE_BUGREPORT ""
| #define PACKAGE_URL ""
| #define PACKAGE "e2guardian"
| #define VERSION "5.1.1"
| #define PACKAGE "e2guardian"
| #define VERSION "5.1.1"
| #define STDC_HEADERS 1
| #define HAVE_SYS_TYPES_H 1
| #define HAVE_SYS_STAT_H 1
| #define HAVE_STDLIB_H 1
| #define HAVE_STRING_H 1
| #define HAVE_MEMORY_H 1
| #define HAVE_STRINGS_H 1
| #define HAVE_INTTYPES_H 1
| #define HAVE_STDINT_H 1
| #define HAVE_UNISTD_H 1
| #define HAVE_ARPA_INET_H 1
| #define HAVE_FCNTL_H 1
| #define HAVE_LIMITS_H 1
| #define HAVE_NETDB_H 1
| #define HAVE_NETINET_IN_H 1
| #define HAVE_STDLIB_H 1
| #define HAVE_STRING_H 1
| #define HAVE_SYS_SOCKET_H 1
| #define HAVE_SYS_TIME_H 1
| #define HAVE_SYSLOG_H 1
| #define HAVE_UNISTD_H 1
| #define HAVE_LOCALE_H 1
| #define HAVE_SYS_TYPES_H 1
| #define HAVE_SYS_UN_H 1
| #define HAVE_SYS_POLL_H 1
| #define HAVE_SYS_EPOLL_H 1
| #define HAVE_SYS_RESOURCE_H 1
| #define HAVE_PWD_H 1
| #define HAVE_GRP_H 1
| #define HAVE_BYTESWAP_H 1
| /* end confdefs.h.  */
| #ifndef __APPLE_CC__
| 	       not a universal capable compiler
| 	     #endif
| 	     typedef int dummy;
| 
configure:5664: g++ -c -g -O2 -fstack-protector --param=ssp-buffer-size=4 -Wformat -Werror=format-security -D_FORTIFY_SOURCE=2 conftest.cpp >&5
configure:5664: $? = 0
configure:5682: g++ -c -g -O2 -fstack-protector --param=ssp-buffer-size=4 -Wformat -Werror=format-security -D_FORTIFY_SOURCE=2 conftest.cpp >&5
conftest.cpp: In function 'int main()':
conftest.cpp:50:8: error: 'big' was not declared in this scope
    not big endian
        ^
configure:5682: $? = 1
configure: failed program was:
| /* confdefs.h */
| #define PACKAGE_NAME "e2guardian"
| #define PACKAGE_TARNAME "e2guardian"
| #define PACKAGE_VERSION "5.1.1"
| #define PACKAGE_STRING "e2guardian 5.1.1"
| #define PACKAGE_BUGREPORT ""
| #define PACKAGE_URL ""
| #define PACKAGE "e2guardian"
| #define VERSION "5.1.1"
| #define PACKAGE "e2guardian"
| #define VERSION "5.1.1"
| #define STDC_HEADERS 1
| #define HAVE_SYS_TYPES_H 1
| #define HAVE_SYS_STAT_H 1
| #define HAVE_STDLIB_H 1
| #define HAVE_STRING_H 1
| #define HAVE_MEMORY_H 1
| #define HAVE_STRINGS_H 1
| #define HAVE_INTTYPES_H 1
| #define HAVE_STDINT_H 1
| #define HAVE_UNISTD_H 1
| #define HAVE_ARPA_INET_H 1
| #define HAVE_FCNTL_H 1
| #define HAVE_LIMITS_H 1
| #define HAVE_NETDB_H 1
| #define HAVE_NETINET_IN_H 1
| #define HAVE_STDLIB_H 1
| #define HAVE_STRING_H 1
| #define HAVE_SYS_SOCKET_H 1
| #define HAVE_SYS_TIME_H 1
| #define HAVE_SYSLOG_H 1
| #define HAVE_UNISTD_H 1
| #define HAVE_LOCALE_H 1
| #define HAVE_SYS_TYPES_H 1
| #define HAVE_SYS_UN_H 1
| #define HAVE_SYS_POLL_H 1
| #define HAVE_SYS_EPOLL_H 1
| #define HAVE_SYS_RESOURCE_H 1
| #define HAVE_PWD_H 1
| #define HAVE_GRP_H 1
| #define HAVE_BYTESWAP_H 1
| /* end confdefs.h.  */
| #include <sys/types.h>
| 		#include <sys/param.h>
| 
| int
| main ()
| {
| #if BYTE_ORDER != BIG_ENDIAN
| 		 not big endian
| 		#endif
| 
|   ;
|   return 0;
| }
configure:5810: result: no
configure:5830: checking if zlib should be statically linked
configure:5847: result: no
configure:5853: checking for zlib
configure:5878: checking zlib.h usability
configure:5878: g++ -c -g -O2 -fstack-protector --param=ssp-buffer-size=4 -Wformat -Werror=format-security -D_FORTIFY_SOURCE=2 conftest.cpp >&5
configure:5878: $? = 0
configure:5878: result: yes
configure:5878: checking zlib.h presence
configure:5878: g++ -E -D_FORTIFY_SOURCE=2 conftest.cpp
configure:5878: $? = 0
configure:5878: result: yes
configure:5878: checking for zlib.h
configure:5878: result: yes
configure:5889: checking for gzdopen in -lz
configure:5914: g++ -o conftest -g -O2 -fstack-protector --param=ssp-buffer-size=4 -Wformat -Werror=format-security -D_FORTIFY_SOURCE=2 -Wl,-z,relro conftest.cpp -lz  -lz  >&5
configure:5914: $? = 0
configure:5923: result: yes
configure:5926: result: yes
configure:6021: checking for pid_t
configure:6021: g++ -c -g -O2 -fstack-protector --param=ssp-buffer-size=4 -Wformat -Werror=format-security -D_FORTIFY_SOURCE=2 conftest.cpp >&5
configure:6021: $? = 0
configure:6021: g++ -c -g -O2 -fstack-protector --param=ssp-buffer-size=4 -Wformat -Werror=format-security -D_FORTIFY_SOURCE=2 conftest.cpp >&5
conftest.cpp: In function 'int main()':
conftest.cpp:80:19: error: expected primary-expression before ')' token
 if (sizeof ((pid_t)))
                   ^
configure:6021: $? = 1
configure: failed program was:
| /* confdefs.h */
| #define PACKAGE_NAME "e2guardian"
| #define PACKAGE_TARNAME "e2guardian"
| #define PACKAGE_VERSION "5.1.1"
| #define PACKAGE_STRING "e2guardian 5.1.1"
| #define PACKAGE_BUGREPORT ""
| #define PACKAGE_URL ""
| #define PACKAGE "e2guardian"
| #define VERSION "5.1.1"
| #define PACKAGE "e2guardian"
| #define VERSION "5.1.1"
| #define STDC_HEADERS 1
| #define HAVE_SYS_TYPES_H 1
| #define HAVE_SYS_STAT_H 1
| #define HAVE_STDLIB_H 1
| #define HAVE_STRING_H 1
| #define HAVE_MEMORY_H 1
| #define HAVE_STRINGS_H 1
| #define HAVE_INTTYPES_H 1
| #define HAVE_STDINT_H 1
| #define HAVE_UNISTD_H 1
| #define HAVE_ARPA_INET_H 1
| #define HAVE_FCNTL_H 1
| #define HAVE_LIMITS_H 1
| #define HAVE_NETDB_H 1
| #define HAVE_NETINET_IN_H 1
| #define HAVE_STDLIB_H 1
| #define HAVE_STRING_H 1
| #define HAVE_SYS_SOCKET_H 1
| #define HAVE_SYS_TIME_H 1
| #define HAVE_SYSLOG_H 1
| #define HAVE_UNISTD_H 1
| #define HAVE_LOCALE_H 1
| #define HAVE_SYS_TYPES_H 1
| #define HAVE_SYS_UN_H 1
| #define HAVE_SYS_POLL_H 1
| #define HAVE_SYS_EPOLL_H 1
| #define HAVE_SYS_RESOURCE_H 1
| #define HAVE_PWD_H 1
| #define HAVE_GRP_H 1
| #define HAVE_BYTESWAP_H 1
| #define HAVE_ZLIB_H 1
| /* end confdefs.h.  */
| #include <stdio.h>
| #ifdef HAVE_SYS_TYPES_H
| # include <sys/types.h>
| #endif
| #ifdef HAVE_SYS_STAT_H
| # include <sys/stat.h>
| #endif
| #ifdef STDC_HEADERS
| # include <stdlib.h>
| # include <stddef.h>
| #else
| # ifdef HAVE_STDLIB_H
| #  include <stdlib.h>
| # endif
| #endif
| #ifdef HAVE_STRING_H
| # if !defined STDC_HEADERS && defined HAVE_MEMORY_H
| #  include <memory.h>
| # endif
| # include <string.h>
| #endif
| #ifdef HAVE_STRINGS_H
| # include <strings.h>
| #endif
| #ifdef HAVE_INTTYPES_H
| # include <inttypes.h>
| #endif
| #ifdef HAVE_STDINT_H
| # include <stdint.h>
| #endif
| #ifdef HAVE_UNISTD_H
| # include <unistd.h>
| #endif
| int
| main ()
| {
| if (sizeof ((pid_t)))
| 	    return 0;
|   ;
|   return 0;
| }
configure:6021: result: yes
configure:6032: checking for size_t
configure:6032: g++ -c -g -O2 -fstack-protector --param=ssp-buffer-size=4 -Wformat -Werror=format-security -D_FORTIFY_SOURCE=2 conftest.cpp >&5
configure:6032: $? = 0
configure:6032: g++ -c -g -O2 -fstack-protector --param=ssp-buffer-size=4 -Wformat -Werror=format-security -D_FORTIFY_SOURCE=2 conftest.cpp >&5
conftest.cpp: In function 'int main()':
conftest.cpp:80:20: error: expected primary-expression before ')' token
 if (sizeof ((size_t)))
                    ^
configure:6032: $? = 1
configure: failed program was:
| /* confdefs.h */
| #define PACKAGE_NAME "e2guardian"
| #define PACKAGE_TARNAME "e2guardian"
| #define PACKAGE_VERSION "5.1.1"
| #define PACKAGE_STRING "e2guardian 5.1.1"
| #define PACKAGE_BUGREPORT ""
| #define PACKAGE_URL ""
| #define PACKAGE "e2guardian"
| #define VERSION "5.1.1"
| #define PACKAGE "e2guardian"
| #define VERSION "5.1.1"
| #define STDC_HEADERS 1
| #define HAVE_SYS_TYPES_H 1
| #define HAVE_SYS_STAT_H 1
| #define HAVE_STDLIB_H 1
| #define HAVE_STRING_H 1
| #define HAVE_MEMORY_H 1
| #define HAVE_STRINGS_H 1
| #define HAVE_INTTYPES_H 1
| #define HAVE_STDINT_H 1
| #define HAVE_UNISTD_H 1
| #define HAVE_ARPA_INET_H 1
| #define HAVE_FCNTL_H 1
| #define HAVE_LIMITS_H 1
| #define HAVE_NETDB_H 1
| #define HAVE_NETINET_IN_H 1
| #define HAVE_STDLIB_H 1
| #define HAVE_STRING_H 1
| #define HAVE_SYS_SOCKET_H 1
| #define HAVE_SYS_TIME_H 1
| #define HAVE_SYSLOG_H 1
| #define HAVE_UNISTD_H 1
| #define HAVE_LOCALE_H 1
| #define HAVE_SYS_TYPES_H 1
| #define HAVE_SYS_UN_H 1
| #define HAVE_SYS_POLL_H 1
| #define HAVE_SYS_EPOLL_H 1
| #define HAVE_SYS_RESOURCE_H 1
| #define HAVE_PWD_H 1
| #define HAVE_GRP_H 1
| #define HAVE_BYTESWAP_H 1
| #define HAVE_ZLIB_H 1
| /* end confdefs.h.  */
| #include <stdio.h>
| #ifdef HAVE_SYS_TYPES_H
| # include <sys/types.h>
| #endif
| #ifdef HAVE_SYS_STAT_H
| # include <sys/stat.h>
| #endif
| #ifdef STDC_HEADERS
| # include <stdlib.h>
| # include <stddef.h>
| #else
| # ifdef HAVE_STDLIB_H
| #  include <stdlib.h>
| # endif
| #endif
| #ifdef HAVE_STRING_H
| # if !defined STDC_HEADERS && defined HAVE_MEMORY_H
| #  include <memory.h>
| # endif
| # include <string.h>
| #endif
| #ifdef HAVE_STRINGS_H
| # include <strings.h>
| #endif
| #ifdef HAVE_INTTYPES_H
| # include <inttypes.h>
| #endif
| #ifdef HAVE_STDINT_H
| # include <stdint.h>
| #endif
| #ifdef HAVE_UNISTD_H
| # include <unistd.h>
| #endif
| int
| main ()
| {
| if (sizeof ((size_t)))
| 	    return 0;
|   ;
|   return 0;
| }
configure:6032: result: yes
configure:6043: checking for off_t
configure:6043: g++ -c -g -O2 -fstack-protector --param=ssp-buffer-size=4 -Wformat -Werror=format-security -D_FORTIFY_SOURCE=2 conftest.cpp >&5
configure:6043: $? = 0
configure:6043: g++ -c -g -O2 -fstack-protector --param=ssp-buffer-size=4 -Wformat -Werror=format-security -D_FORTIFY_SOURCE=2 conftest.cpp >&5
conftest.cpp: In function 'int main()':
conftest.cpp:80:19: error: expected primary-expression before ')' token
 if (sizeof ((off_t)))
                   ^
configure:6043: $? = 1
configure: failed program was:
| /* confdefs.h */
| #define PACKAGE_NAME "e2guardian"
| #define PACKAGE_TARNAME "e2guardian"
| #define PACKAGE_VERSION "5.1.1"
| #define PACKAGE_STRING "e2guardian 5.1.1"
| #define PACKAGE_BUGREPORT ""
| #define PACKAGE_URL ""
| #define PACKAGE "e2guardian"
| #define VERSION "5.1.1"
| #define PACKAGE "e2guardian"
| #define VERSION "5.1.1"
| #define STDC_HEADERS 1
| #define HAVE_SYS_TYPES_H 1
| #define HAVE_SYS_STAT_H 1
| #define HAVE_STDLIB_H 1
| #define HAVE_STRING_H 1
| #define HAVE_MEMORY_H 1
| #define HAVE_STRINGS_H 1
| #define HAVE_INTTYPES_H 1
| #define HAVE_STDINT_H 1
| #define HAVE_UNISTD_H 1
| #define HAVE_ARPA_INET_H 1
| #define HAVE_FCNTL_H 1
| #define HAVE_LIMITS_H 1
| #define HAVE_NETDB_H 1
| #define HAVE_NETINET_IN_H 1
| #define HAVE_STDLIB_H 1
| #define HAVE_STRING_H 1
| #define HAVE_SYS_SOCKET_H 1
| #define HAVE_SYS_TIME_H 1
| #define HAVE_SYSLOG_H 1
| #define HAVE_UNISTD_H 1
| #define HAVE_LOCALE_H 1
| #define HAVE_SYS_TYPES_H 1
| #define HAVE_SYS_UN_H 1
| #define HAVE_SYS_POLL_H 1
| #define HAVE_SYS_EPOLL_H 1
| #define HAVE_SYS_RESOURCE_H 1
| #define HAVE_PWD_H 1
| #define HAVE_GRP_H 1
| #define HAVE_BYTESWAP_H 1
| #define HAVE_ZLIB_H 1
| /* end confdefs.h.  */
| #include <stdio.h>
| #ifdef HAVE_SYS_TYPES_H
| # include <sys/types.h>
| #endif
| #ifdef HAVE_SYS_STAT_H
| # include <sys/stat.h>
| #endif
| #ifdef STDC_HEADERS
| # include <stdlib.h>
| # include <stddef.h>
| #else
| # ifdef HAVE_STDLIB_H
| #  include <stdlib.h>
| # endif
| #endif
| #ifdef HAVE_STRING_H
| # if !defined STDC_HEADERS && defined HAVE_MEMORY_H
| #  include <memory.h>
| # endif
| # include <string.h>
| #endif
| #ifdef HAVE_STRINGS_H
| # include <strings.h>
| #endif
| #ifdef HAVE_INTTYPES_H
| # include <inttypes.h>
| #endif
| #ifdef HAVE_STDINT_H
| # include <stdint.h>
| #endif
| #ifdef HAVE_UNISTD_H
| # include <unistd.h>
| #endif
| int
| main ()
| {
| if (sizeof ((off_t)))
| 	    return 0;
|   ;
|   return 0;
| }
configure:6043: result: yes
configure:6054: checking for uid_t in sys/types.h
configure:6073: result: yes
configure:6088: checking vfork.h usability
configure:6088: g++ -c -g -O2 -fstack-protector --param=ssp-buffer-size=4 -Wformat -Werror=format-security -D_FORTIFY_SOURCE=2 conftest.cpp >&5
conftest.cpp:77:19: fatal error: vfork.h: No such file or directory
compilation terminated.
configure:6088: $? = 1
configure: failed program was:
| /* confdefs.h */
| #define PACKAGE_NAME "e2guardian"
| #define PACKAGE_TARNAME "e2guardian"
| #define PACKAGE_VERSION "5.1.1"
| #define PACKAGE_STRING "e2guardian 5.1.1"
| #define PACKAGE_BUGREPORT ""
| #define PACKAGE_URL ""
| #define PACKAGE "e2guardian"
| #define VERSION "5.1.1"
| #define PACKAGE "e2guardian"
| #define VERSION "5.1.1"
| #define STDC_HEADERS 1
| #define HAVE_SYS_TYPES_H 1
| #define HAVE_SYS_STAT_H 1
| #define HAVE_STDLIB_H 1
| #define HAVE_STRING_H 1
| #define HAVE_MEMORY_H 1
| #define HAVE_STRINGS_H 1
| #define HAVE_INTTYPES_H 1
| #define HAVE_STDINT_H 1
| #define HAVE_UNISTD_H 1
| #define HAVE_ARPA_INET_H 1
| #define HAVE_FCNTL_H 1
| #define HAVE_LIMITS_H 1
| #define HAVE_NETDB_H 1
| #define HAVE_NETINET_IN_H 1
| #define HAVE_STDLIB_H 1
| #define HAVE_STRING_H 1
| #define HAVE_SYS_SOCKET_H 1
| #define HAVE_SYS_TIME_H 1
| #define HAVE_SYSLOG_H 1
| #define HAVE_UNISTD_H 1
| #define HAVE_LOCALE_H 1
| #define HAVE_SYS_TYPES_H 1
| #define HAVE_SYS_UN_H 1
| #define HAVE_SYS_POLL_H 1
| #define HAVE_SYS_EPOLL_H 1
| #define HAVE_SYS_RESOURCE_H 1
| #define HAVE_PWD_H 1
| #define HAVE_GRP_H 1
| #define HAVE_BYTESWAP_H 1
| #define HAVE_ZLIB_H 1
| /* end confdefs.h.  */
| #include <stdio.h>
| #ifdef HAVE_SYS_TYPES_H
| # include <sys/types.h>
| #endif
| #ifdef HAVE_SYS_STAT_H
| # include <sys/stat.h>
| #endif
| #ifdef STDC_HEADERS
| # include <stdlib.h>
| # include <stddef.h>
| #else
| # ifdef HAVE_STDLIB_H
| #  include <stdlib.h>
| # endif
| #endif
| #ifdef HAVE_STRING_H
| # if !defined STDC_HEADERS && defined HAVE_MEMORY_H
| #  include <memory.h>
| # endif
| # include <string.h>
| #endif
| #ifdef HAVE_STRINGS_H
| # include <strings.h>
| #endif
| #ifdef HAVE_INTTYPES_H
| # include <inttypes.h>
| #endif
| #ifdef HAVE_STDINT_H
| # include <stdint.h>
| #endif
| #ifdef HAVE_UNISTD_H
| # include <unistd.h>
| #endif
| #include <vfork.h>
configure:6088: result: no
configure:6088: checking vfork.h presence
configure:6088: g++ -E -D_FORTIFY_SOURCE=2 conftest.cpp
conftest.cpp:44:19: fatal error: vfork.h: No such file or directory
compilation terminated.
configure:6088: $? = 1
configure: failed program was:
| /* confdefs.h */
| #define PACKAGE_NAME "e2guardian"
| #define PACKAGE_TARNAME "e2guardian"
| #define PACKAGE_VERSION "5.1.1"
| #define PACKAGE_STRING "e2guardian 5.1.1"
| #define PACKAGE_BUGREPORT ""
| #define PACKAGE_URL ""
| #define PACKAGE "e2guardian"
| #define VERSION "5.1.1"
| #define PACKAGE "e2guardian"
| #define VERSION "5.1.1"
| #define STDC_HEADERS 1
| #define HAVE_SYS_TYPES_H 1
| #define HAVE_SYS_STAT_H 1
| #define HAVE_STDLIB_H 1
| #define HAVE_STRING_H 1
| #define HAVE_MEMORY_H 1
| #define HAVE_STRINGS_H 1
| #define HAVE_INTTYPES_H 1
| #define HAVE_STDINT_H 1
| #define HAVE_UNISTD_H 1
| #define HAVE_ARPA_INET_H 1
| #define HAVE_FCNTL_H 1
| #define HAVE_LIMITS_H 1
| #define HAVE_NETDB_H 1
| #define HAVE_NETINET_IN_H 1
| #define HAVE_STDLIB_H 1
| #define HAVE_STRING_H 1
| #define HAVE_SYS_SOCKET_H 1
| #define HAVE_SYS_TIME_H 1
| #define HAVE_SYSLOG_H 1
| #define HAVE_UNISTD_H 1
| #define HAVE_LOCALE_H 1
| #define HAVE_SYS_TYPES_H 1
| #define HAVE_SYS_UN_H 1
| #define HAVE_SYS_POLL_H 1
| #define HAVE_SYS_EPOLL_H 1
| #define HAVE_SYS_RESOURCE_H 1
| #define HAVE_PWD_H 1
| #define HAVE_GRP_H 1
| #define HAVE_BYTESWAP_H 1
| #define HAVE_ZLIB_H 1
| /* end confdefs.h.  */
| #include <vfork.h>
configure:6088: result: no
configure:6088: checking for vfork.h
configure:6088: result: no
configure:6101: checking for fork
configure:6101: g++ -o conftest -g -O2 -fstack-protector --param=ssp-buffer-size=4 -Wformat -Werror=format-security -D_FORTIFY_SOURCE=2 -Wl,-z,relro conftest.cpp -lz  >&5
configure:6101: $? = 0
configure:6101: result: yes
configure:6101: checking for vfork
configure:6101: g++ -o conftest -g -O2 -fstack-protector --param=ssp-buffer-size=4 -Wformat -Werror=format-security -D_FORTIFY_SOURCE=2 -Wl,-z,relro conftest.cpp -lz  >&5
configure:6101: $? = 0
configure:6101: result: yes
configure:6111: checking for working fork
configure:6133: g++ -o conftest -g -O2 -fstack-protector --param=ssp-buffer-size=4 -Wformat -Werror=format-security -D_FORTIFY_SOURCE=2 -Wl,-z,relro conftest.cpp -lz  >&5
configure:6133: $? = 0
configure:6133: ./conftest
configure:6133: $? = 0
configure:6143: result: yes
configure:6164: checking for working vfork
configure:6274: result: yes
configure:6302: checking for dup2
configure:6302: g++ -o conftest -g -O2 -fstack-protector --param=ssp-buffer-size=4 -Wformat -Werror=format-security -D_FORTIFY_SOURCE=2 -Wl,-z,relro conftest.cpp -lz  >&5
configure:6302: $? = 0
configure:6302: result: yes
configure:6302: checking for gettimeofday
configure:6302: g++ -o conftest -g -O2 -fstack-protector --param=ssp-buffer-size=4 -Wformat -Werror=format-security -D_FORTIFY_SOURCE=2 -Wl,-z,relro conftest.cpp -lz  >&5
configure:6302: $? = 0
configure:6302: result: yes
configure:6302: checking for memset
configure:6302: g++ -o conftest -g -O2 -fstack-protector --param=ssp-buffer-size=4 -Wformat -Werror=format-security -D_FORTIFY_SOURCE=2 -Wl,-z,relro conftest.cpp -lz  >&5
configure:6302: $? = 0
configure:6302: result: yes
configure:6302: checking for select
configure:6302: g++ -o conftest -g -O2 -fstack-protector --param=ssp-buffer-size=4 -Wformat -Werror=format-security -D_FORTIFY_SOURCE=2 -Wl,-z,relro conftest.cpp -lz  >&5
configure:6302: $? = 0
configure:6302: result: yes
configure:6314: checking for strerror
configure:6314: g++ -o conftest -g -O2 -fstack-protector --param=ssp-buffer-size=4 -Wformat -Werror=format-security -D_FORTIFY_SOURCE=2 -Wl,-z,relro conftest.cpp -lz  >&5
configure:6314: $? = 0
configure:6314: result: yes
configure:6314: checking for strstr
configure:6314: g++ -o conftest -g -O2 -fstack-protector --param=ssp-buffer-size=4 -Wformat -Werror=format-security -D_FORTIFY_SOURCE=2 -Wl,-z,relro conftest.cpp -lz  >&5
configure:6314: $? = 0
configure:6314: result: yes
configure:6314: checking for strtol
configure:6314: g++ -o conftest -g -O2 -fstack-protector --param=ssp-buffer-size=4 -Wformat -Werror=format-security -D_FORTIFY_SOURCE=2 -Wl,-z,relro conftest.cpp -lz  >&5
configure:6314: $? = 0
configure:6314: result: yes
configure:6326: checking for setuid
configure:6326: g++ -o conftest -g -O2 -fstack-protector --param=ssp-buffer-size=4 -Wformat -Werror=format-security -D_FORTIFY_SOURCE=2 -Wl,-z,relro conftest.cpp -lz  >&5
configure:6326: $? = 0
configure:6326: result: yes
configure:6326: checking for setgid
configure:6326: g++ -o conftest -g -O2 -fstack-protector --param=ssp-buffer-size=4 -Wformat -Werror=format-security -D_FORTIFY_SOURCE=2 -Wl,-z,relro conftest.cpp -lz  >&5
configure:6326: $? = 0
configure:6326: result: yes
configure:6326: checking for umask
configure:6326: g++ -o conftest -g -O2 -fstack-protector --param=ssp-buffer-size=4 -Wformat -Werror=format-security -D_FORTIFY_SOURCE=2 -Wl,-z,relro conftest.cpp -lz  >&5
configure:6326: $? = 0
configure:6326: result: yes
configure:6326: checking for seteuid
configure:6326: g++ -o conftest -g -O2 -fstack-protector --param=ssp-buffer-size=4 -Wformat -Werror=format-security -D_FORTIFY_SOURCE=2 -Wl,-z,relro conftest.cpp -lz  >&5
configure:6326: $? = 0
configure:6326: result: yes
configure:6326: checking for setreuid
configure:6326: g++ -o conftest -g -O2 -fstack-protector --param=ssp-buffer-size=4 -Wformat -Werror=format-security -D_FORTIFY_SOURCE=2 -Wl,-z,relro conftest.cpp -lz  >&5
configure:6326: $? = 0
configure:6326: result: yes
configure:6326: checking for setlocale
configure:6326: g++ -o conftest -g -O2 -fstack-protector --param=ssp-buffer-size=4 -Wformat -Werror=format-security -D_FORTIFY_SOURCE=2 -Wl,-z,relro conftest.cpp -lz  >&5
configure:6326: $? = 0
configure:6326: result: yes
configure:6335: checking for library containing floor
configure:6366: g++ -o conftest -g -O2 -fstack-protector --param=ssp-buffer-size=4 -Wformat -Werror=format-security -D_FORTIFY_SOURCE=2 -Wl,-z,relro conftest.cpp -lz  >&5
configure:6366: $? = 0
configure:6383: result: none required
configure:6391: checking for library containing gethostbyname
configure:6422: g++ -o conftest -g -O2 -fstack-protector --param=ssp-buffer-size=4 -Wformat -Werror=format-security -D_FORTIFY_SOURCE=2 -Wl,-z,relro conftest.cpp -lz  >&5
configure:6422: $? = 0
configure:6439: result: none required
configure:6447: checking for library containing socket
configure:6478: g++ -o conftest -g -O2 -fstack-protector --param=ssp-buffer-size=4 -Wformat -Werror=format-security -D_FORTIFY_SOURCE=2 -Wl,-z,relro conftest.cpp -lz  >&5
configure:6478: $? = 0
configure:6495: result: none required
configure:6547: checking for library containing inet_aton
configure:6578: g++ -o conftest -g -O2 -fstack-protector --param=ssp-buffer-size=4 -Wformat -Werror=format-security -D_FORTIFY_SOURCE=2 -Wl,-z,relro conftest.cpp -lz  >&5
configure:6578: $? = 0
configure:6595: result: none required
configure:6690: checking for backside with both hands
configure:6692: result: no
configure:6694: checking build os
configure:6700: checking build system type
configure:6714: result: x86_64-pc-linux-gnu
configure:6734: result: linux-gnu
configure:6737: checking for debug option
configure:6756: result: no
configure:6762: checking for newdebug option
configure:6788: result: yes
configure:6794: checking for netdebug option
configure:6813: result: no
configure:6819: checking for REdebug option
configure:6838: result: no
configure:6845: checking for proxy user
configure:6851: result: yes
configure:6871: checking for proxy group
configure:6877: result: yes
configure:6897: checking for piddir
configure:6914: result: no
configure:6930: checking for logdir
configure:6947: result: no
configure:7016: checking for pkg-config
configure:7034: found /usr/bin/pkg-config
configure:7046: result: /usr/bin/pkg-config
configure:7071: checking pkg-config is at least version 0.9.0
configure:7074: result: yes
configure:7084: checking for PCRE support
configure:7094: result: yes
configure:7111: checking for PCRE
configure:7118: $PKG_CONFIG --exists --print-errors "libpcre >= 6.0"
configure:7121: $? = 0
configure:7135: $PKG_CONFIG --exists --print-errors "libpcre >= 6.0"
configure:7138: $? = 0
configure:7196: result: yes
configure:7228: checking pthread.h usability
configure:7228: g++ -c -g -O2 -fstack-protector --param=ssp-buffer-size=4 -Wformat -Werror=format-security -D_FORTIFY_SOURCE=2 conftest.cpp >&5
configure:7228: $? = 0
configure:7228: result: yes
configure:7228: checking pthread.h presence
configure:7228: g++ -E -D_FORTIFY_SOURCE=2 conftest.cpp
configure:7228: $? = 0
configure:7228: result: yes
configure:7228: checking for pthread.h
configure:7228: result: yes
configure:7271: checking for large file support
configure:7297: result: yes
configure:7305: checking for original destination IP checking support
configure:7326: result: no
configure:7339: checking for type collision with off_t
configure:7361: g++ -c -g -O2 -fstack-protector --param=ssp-buffer-size=4 -Wformat -Werror=format-security --std=c++11  -DFD_SETSIZE=65535 -D_FORTIFY_SOURCE=2 conftest.cpp >&5
conftest.cpp: In function 'int main()':
conftest.cpp:75:6: error: 'void main()::Foo::f(off_t)' cannot be overloaded
 void f(const off_t);
      ^
conftest.cpp:72:6: error: with 'void main()::Foo::f(long int)'
 void f(const long);
      ^
configure:7361: $? = 1
configure: failed program was:
| /* confdefs.h */
| #define PACKAGE_NAME "e2guardian"
| #define PACKAGE_TARNAME "e2guardian"
| #define PACKAGE_VERSION "5.1.1"
| #define PACKAGE_STRING "e2guardian 5.1.1"
| #define PACKAGE_BUGREPORT ""
| #define PACKAGE_URL ""
| #define PACKAGE "e2guardian"
| #define VERSION "5.1.1"
| #define PACKAGE "e2guardian"
| #define VERSION "5.1.1"
| #define STDC_HEADERS 1
| #define HAVE_SYS_TYPES_H 1
| #define HAVE_SYS_STAT_H 1
| #define HAVE_STDLIB_H 1
| #define HAVE_STRING_H 1
| #define HAVE_MEMORY_H 1
| #define HAVE_STRINGS_H 1
| #define HAVE_INTTYPES_H 1
| #define HAVE_STDINT_H 1
| #define HAVE_UNISTD_H 1
| #define HAVE_ARPA_INET_H 1
| #define HAVE_FCNTL_H 1
| #define HAVE_LIMITS_H 1
| #define HAVE_NETDB_H 1
| #define HAVE_NETINET_IN_H 1
| #define HAVE_STDLIB_H 1
| #define HAVE_STRING_H 1
| #define HAVE_SYS_SOCKET_H 1
| #define HAVE_SYS_TIME_H 1
| #define HAVE_SYSLOG_H 1
| #define HAVE_UNISTD_H 1
| #define HAVE_LOCALE_H 1
| #define HAVE_SYS_TYPES_H 1
| #define HAVE_SYS_UN_H 1
| #define HAVE_SYS_POLL_H 1
| #define HAVE_SYS_EPOLL_H 1
| #define HAVE_SYS_RESOURCE_H 1
| #define HAVE_PWD_H 1
| #define HAVE_GRP_H 1
| #define HAVE_BYTESWAP_H 1
| #define HAVE_ZLIB_H 1
| #define HAVE_FORK 1
| #define HAVE_VFORK 1
| #define HAVE_WORKING_VFORK 1
| #define HAVE_WORKING_FORK 1
| #define HAVE_DUP2 1
| #define HAVE_GETTIMEOFDAY 1
| #define HAVE_MEMSET 1
| #define HAVE_SELECT 1
| #define HAVE_STRERROR 1
| #define HAVE_STRSTR 1
| #define HAVE_STRTOL 1
| #define HAVE_SETUID 1
| #define HAVE_SETGID 1
| #define HAVE_UMASK 1
| #define HAVE_SETEUID 1
| #define HAVE_SETREUID 1
| #define HAVE_SETLOCALE 1
| #define NEWDEBUG_ON 1
| #define HAVE_PCRE /**/
| #define HAVE_PTHREAD_H 1
| /* end confdefs.h.  */
| 
|  #include <sys/types.h>
| int
| main ()
| {
| 
|  struct Foo{
|   void f(const int);
| void f(const long);
| void f(const long unsigned);
| void f(const unsigned int);
| void f(const off_t);
|  };
|   ;
|   return 0;
| }
| 
configure:7368: result: yes
configure:7383: checking for clamd support
configure:7393: result: yes
configure:7424: checking for avastd support
configure:7446: result: no
configure:7465: checking for icap support
configure:7475: result: yes
configure:7506: checking for kavd support
configure:7528: result: no
configure:7547: checking for command-line content scanner support
configure:7557: result: yes
configure:7615: checking for NTLM support
configure:7625: result: yes
configure:7740: checking for iconv
configure:7740: g++ -o conftest -g -O2 -fstack-protector --param=ssp-buffer-size=4 -Wformat -Werror=format-security --std=c++11  -DFD_SETSIZE=65535 -D_FORTIFY_SOURCE=2 -Wl,-z,relro  conftest.cpp -lpthread -lz   >&5
configure:7740: $? = 0
configure:7740: result: yes
configure:7745: result: native
configure:7876: checking for SSL MITM support
configure:7886: result: yes
configure:7899: checking for OPENSSL
configure:7906: $PKG_CONFIG --exists --print-errors " openssl >= 1.0.1"
configure:7909: $? = 0
configure:7923: $PKG_CONFIG --exists --print-errors " openssl >= 1.0.1"
configure:7926: $? = 0
configure:7984: result: yes
configure:8018: checking for DNS support
configure:8039: result: no
configure:8059: checking for email notification support
configure:8066: result: yes
configure:8262: checking that generated files are newer than configure
configure:8268: result: done
configure:8364: creating ./config.status

## ---------------------- ##
## Running config.status. ##
## ---------------------- ##

This file was extended by e2guardian config.status 5.1.1, which was
generated by GNU Autoconf 2.69.  Invocation command line was

  CONFIG_FILES    = 
  CONFIG_HEADERS  = 
  CONFIG_LINKS    = 
  CONFIG_COMMANDS = 
  $ ./config.status 

on localhost

config.status:1012: creating Makefile
config.status:1012: creating data/Makefile
config.status:1012: creating data/languages/Makefile
config.status:1012: creating data/scripts/Makefile
config.status:1012: creating data/scripts/bsd-init
config.status:1012: creating data/scripts/e2guardian
config.status:1012: creating data/scripts/logrotation
config.status:1012: creating data/scripts/solaris-init
config.status:1012: creating data/scripts/systemv-init
config.status:1012: creating data/scripts/e2guardian.service
config.status:1012: creating doc/Makefile
config.status:1012: creating configs/e2guardian.conf
config.status:1012: creating configs/e2guardianf1.conf
config.status:1012: creating configs/examplef1.story
config.status:1012: creating configs/Makefile
config.status:1012: creating configs/lists/Makefile
config.status:1012: creating configs/lists/phraselists/Makefile
config.status:1012: creating configs/lists/bannedrooms/Makefile
config.status:1012: creating configs/lists/contentscanners/Makefile
config.status:1012: creating configs/lists/bannedphraselist
config.status:1012: creating configs/lists/bannedurllist
config.status:1012: creating configs/lists/bannedsitelist
config.status:1012: creating configs/lists/bannedsitelistwithbypass
config.status:1012: creating configs/lists/exceptionphraselist
config.status:1012: creating configs/lists/weightedphraselist
config.status:1012: creating configs/downloadmanagers/Makefile
config.status:1012: creating configs/downloadmanagers/default.conf
config.status:1012: creating configs/contentscanners/Makefile
config.status:1012: creating configs/contentscanners/clamdscan.conf
config.status:1012: creating configs/contentscanners/avastdscan.conf
config.status:1012: creating configs/contentscanners/icapscan.conf
config.status:1012: creating configs/contentscanners/kavdscan.conf
config.status:1012: creating configs/contentscanners/commandlinescan.conf
config.status:1012: creating configs/authplugins/Makefile
config.status:1012: creating configs/authplugins/ip.conf
config.status:1012: creating configs/authplugins/port.conf
config.status:1012: creating configs/lists/authplugins/Makefile
config.status:1012: creating configs/lists/downloadmanagers/Makefile
config.status:1012: creating src/Makefile
config.status:1012: creating dgconfig.h
config.status:1241: executing depfiles commands
configure:9714: WARNING: unrecognized options: --enable-trickledm, --enable-locallists

## ---------------- ##
## Cache variables. ##
## ---------------- ##

ac_cv_build=x86_64-pc-linux-gnu
ac_cv_c_bigendian=no
ac_cv_c_compiler_gnu=yes
ac_cv_cxx_compiler_gnu=yes
ac_cv_env_CCC_set=
ac_cv_env_CCC_value=
ac_cv_env_CC_set=
ac_cv_env_CC_value=
ac_cv_env_CFLAGS_set=set
ac_cv_env_CFLAGS_value='-g -O2 -fstack-protector --param=ssp-buffer-size=4 -Wformat -Werror=format-security'
ac_cv_env_CPPFLAGS_set=set
ac_cv_env_CPPFLAGS_value=-D_FORTIFY_SOURCE=2
ac_cv_env_CPP_set=
ac_cv_env_CPP_value=
ac_cv_env_CXXCPP_set=
ac_cv_env_CXXCPP_value=
ac_cv_env_CXXFLAGS_set=set
ac_cv_env_CXXFLAGS_value='-g -O2 -fstack-protector --param=ssp-buffer-size=4 -Wformat -Werror=format-security'
ac_cv_env_CXX_set=
ac_cv_env_CXX_value=
ac_cv_env_LDFLAGS_set=set
ac_cv_env_LDFLAGS_value=-Wl,-z,relro
ac_cv_env_LIBS_set=
ac_cv_env_LIBS_value=
ac_cv_env_OPENSSL_CFLAGS_set=
ac_cv_env_OPENSSL_CFLAGS_value=
ac_cv_env_OPENSSL_LIBS_set=
ac_cv_env_OPENSSL_LIBS_value=
ac_cv_env_PCRE_CFLAGS_set=
ac_cv_env_PCRE_CFLAGS_value=
ac_cv_env_PCRE_LIBS_set=
ac_cv_env_PCRE_LIBS_value=
ac_cv_env_PKG_CONFIG_LIBDIR_set=
ac_cv_env_PKG_CONFIG_LIBDIR_value=
ac_cv_env_PKG_CONFIG_PATH_set=
ac_cv_env_PKG_CONFIG_PATH_value=
ac_cv_env_PKG_CONFIG_set=
ac_cv_env_PKG_CONFIG_value=
ac_cv_env_build_alias_set=
ac_cv_env_build_alias_value=
ac_cv_env_host_alias_set=
ac_cv_env_host_alias_value=
ac_cv_env_target_alias_set=
ac_cv_env_target_alias_value=
ac_cv_func_dup2=yes
ac_cv_func_fork=yes
ac_cv_func_fork_works=yes
ac_cv_func_gettimeofday=yes
ac_cv_func_iconv=yes
ac_cv_func_memset=yes
ac_cv_func_select=yes
ac_cv_func_seteuid=yes
ac_cv_func_setgid=yes
ac_cv_func_setlocale=yes
ac_cv_func_setreuid=yes
ac_cv_func_setuid=yes
ac_cv_func_strerror=yes
ac_cv_func_strstr=yes
ac_cv_func_strtol=yes
ac_cv_func_umask=yes
ac_cv_func_vfork=yes
ac_cv_func_vfork_works=yes
ac_cv_header_arpa_inet_h=yes
ac_cv_header_byteswap_h=yes
ac_cv_header_fcntl_h=yes
ac_cv_header_grp_h=yes
ac_cv_header_inttypes_h=yes
ac_cv_header_limits_h=yes
ac_cv_header_locale_h=yes
ac_cv_header_memory_h=yes
ac_cv_header_netdb_h=yes
ac_cv_header_netinet_in_h=yes
ac_cv_header_pthread_h=yes
ac_cv_header_pwd_h=yes
ac_cv_header_stdc=yes
ac_cv_header_stdint_h=yes
ac_cv_header_stdlib_h=yes
ac_cv_header_string_h=yes
ac_cv_header_strings_h=yes
ac_cv_header_sys_epoll_h=yes
ac_cv_header_sys_poll_h=yes
ac_cv_header_sys_resource_h=yes
ac_cv_header_sys_socket_h=yes
ac_cv_header_sys_stat_h=yes
ac_cv_header_sys_time_h=yes
ac_cv_header_sys_types_h=yes
ac_cv_header_sys_un_h=yes
ac_cv_header_syslog_h=yes
ac_cv_header_unistd_h=yes
ac_cv_header_vfork_h=no
ac_cv_header_zlib_h=yes
ac_cv_lib_z_gzdopen=yes
ac_cv_objext=o
ac_cv_path_EGREP='/bin/grep -E'
ac_cv_path_GREP=/bin/grep
ac_cv_path_ac_pt_PKG_CONFIG=/usr/bin/pkg-config
ac_cv_path_install='/usr/bin/install -c'
ac_cv_path_mkdir=/bin/mkdir
ac_cv_prog_AWK=gawk
ac_cv_prog_CPP='gcc -E'
ac_cv_prog_CXXCPP='g++ -E'
ac_cv_prog_ac_ct_CC=gcc
ac_cv_prog_ac_ct_CXX=g++
ac_cv_prog_cc_c89=
ac_cv_prog_cc_g=yes
ac_cv_prog_cxx_g=yes
ac_cv_prog_make_make_set=yes
ac_cv_search_floor='none required'
ac_cv_search_gethostbyname='none required'
ac_cv_search_inet_aton='none required'
ac_cv_search_socket='none required'
ac_cv_type_off_t=yes
ac_cv_type_pid_t=yes
ac_cv_type_size_t=yes
ac_cv_type_uid_t=yes
am_cv_CC_dependencies_compiler_type=gcc3
am_cv_CXX_dependencies_compiler_type=gcc3
am_cv_make_support_nested_variables=yes
am_cv_prog_cc_c_o=yes
pkg_cv_OPENSSL_CFLAGS=
pkg_cv_OPENSSL_LIBS='-lssl -lcrypto'
pkg_cv_PCRE_CFLAGS=
pkg_cv_PCRE_LIBS=-lpcre

## ----------------- ##
## Output variables. ##
## ----------------- ##

ACLOCAL='aclocal-1.15'
AMDEPBACKSLASH='\'
AMDEP_FALSE='#'
AMDEP_TRUE=''
AMTAR='$${TAR-tar}'
AM_BACKSLASH='\'
AM_DEFAULT_V='$(AM_DEFAULT_VERBOSITY)'
AM_DEFAULT_VERBOSITY='1'
AM_V='$(V)'
AUTOCONF='autoconf'
AUTOHEADER='autoheader'
AUTOMAKE='automake-1.15'
AVASTDSUPPORT='!! Not compiled !! '
AWK='gawk'
CC='gcc'
CCDEPMODE='depmode=gcc3'
CFLAGS='-g -O2 -fstack-protector --param=ssp-buffer-size=4 -Wformat -Werror=format-security'
CLAMDSUPPORT=''
COMMANDLINESUPPORT=''
CPP='gcc -E'
CPPFLAGS='-D_FORTIFY_SOURCE=2'
CXX='g++'
CXXCPP='g++ -E'
CXXDEPMODE='depmode=gcc3'
CXXFLAGS='-g -O2 -fstack-protector --param=ssp-buffer-size=4 -Wformat -Werror=format-security --std=c++11  -DFD_SETSIZE=65535'
CYGPATH_W='echo'
DEFS='-DHAVE_CONFIG_H'
DEPDIR='.deps'
DGBINDIR='/usr/sbin'
DGCONFDIR='/etc/e2guardian'
DGCONFFILE='/etc/e2guardian/e2guardian.conf'
DGDATADIR='/usr/share/e2guardian'
DGLIBDIR='/usr/lib/e2guardian'
DGLOGLOCATION='/var/log/e2guardian'
DGPIDDIR='/var/run'
DGPROXYGROUP='e2guardian'
DGPROXYUSER='e2guardian'
DNSAUTHSUPPORT='!! Not compiled !! '
ECHO_C=''
ECHO_N='-n'
ECHO_T=''
EGREP='/bin/grep -E'
EMAILSUPPORT=''
ENABLE_AVASTD_FALSE=''
ENABLE_AVASTD_TRUE='#'
ENABLE_CLAMD_FALSE='#'
ENABLE_CLAMD_TRUE=''
ENABLE_COMMANDLINE_FALSE='#'
ENABLE_COMMANDLINE_TRUE=''
ENABLE_ICAP_FALSE='#'
ENABLE_ICAP_TRUE=''
ENABLE_KAVD_FALSE=''
ENABLE_KAVD_TRUE='#'
ENABLE_NTLM_FALSE='#'
ENABLE_NTLM_TRUE=''
EXEEXT=''
GREP='/bin/grep'
HAVE_PCRE_FALSE='#'
HAVE_PCRE_TRUE=''
ICAPSUPPORT=''
INSTALL_DATA='${INSTALL} -m 644'
INSTALL_PROGRAM='${INSTALL}'
INSTALL_SCRIPT='${INSTALL}'
INSTALL_STRIP_PROGRAM='$(install_sh) -c -s'
KAVDSUPPORT='!! Not compiled !! '
LDFLAGS='-Wl,-z,relro '
LIBOBJS=''
LIBS='-lpthread -lz   -lssl -lcrypto'
LN_S='ln -s'
LTLIBOBJS=''
MAKEINFO='makeinfo'
MKDIR_P='/bin/mkdir -p'
NEED_CSCONFIGS_FALSE='#'
NEED_CSCONFIGS_TRUE=''
NEED_CSLISTS_FALSE='#'
NEED_CSLISTS_TRUE=''
NEED_DMLISTS_FALSE=''
NEED_DMLISTS_TRUE='#'
NTLMSUPPORT=''
OBJEXT='o'
OPENSSL_CFLAGS=''
OPENSSL_LIBS='-lssl -lcrypto'
ORIGIPSUPPORT='#!! Not compiled !! '
PACKAGE='e2guardian'
PACKAGE_BUGREPORT=''
PACKAGE_NAME='e2guardian'
PACKAGE_STRING='e2guardian 5.1.1'
PACKAGE_TARNAME='e2guardian'
PACKAGE_URL=''
PACKAGE_VERSION='5.1.1'
PATH_SEPARATOR=':'
PCRE_CFLAGS=''
PCRE_LIBS='-lpcreposix -lpcre'
PKG_CONFIG='/usr/bin/pkg-config'
PKG_CONFIG_LIBDIR=''
PKG_CONFIG_PATH=''
PRT_DNSAUTH_FALSE=''
PRT_DNSAUTH_TRUE='#'
SET_MAKE=''
SHELL='/bin/bash'
SSLMITMSUPPORT=''
STRIP=''
VERSION='5.1.1'
__SSLCERT_FALSE='#'
__SSLCERT_TRUE=''
__SSLMITM_FALSE='#'
__SSLMITM_TRUE=''
ac_ct_CC='gcc'
ac_ct_CXX='g++'
am__EXEEXT_FALSE=''
am__EXEEXT_TRUE='#'
am__fastdepCC_FALSE='#'
am__fastdepCC_TRUE=''
am__fastdepCXX_FALSE='#'
am__fastdepCXX_TRUE=''
am__include='include'
am__isrc=''
am__leading_dot='.'
am__nodep='_no'
am__quote=''
am__tar='$${TAR-tar} chof - "$$tardir"'
am__untar='$${TAR-tar} xf -'
bindir='${exec_prefix}/bin'
build='x86_64-pc-linux-gnu'
build_alias=''
build_cpu='x86_64'
build_os='linux-gnu'
build_vendor='pc'
datadir='${datarootdir}'
datarootdir='${prefix}/share'
docdir='${datarootdir}/doc/${PACKAGE_TARNAME}'
dvidir='${docdir}'
exec_prefix='${prefix}'
host_alias=''
htmldir='${docdir}'
includedir='${prefix}/include'
infodir='${prefix}/share/info'
install_sh='${SHELL} /root/e2guardian/e2guardian/install-sh'
libdir='${exec_prefix}/lib/e2guardian'
libexecdir='${exec_prefix}/libexec'
localedir='${datarootdir}/locale'
localstatedir='/var'
mandir='${prefix}/share/man'
mkdir_p='$(MKDIR_P)'
oldincludedir='/usr/include'
pdfdir='${docdir}'
prefix='/usr'
program_transform_name='s,x,x,'
psdir='${docdir}'
runstatedir='${localstatedir}/run'
sbindir='${exec_prefix}/sbin'
sharedstatedir='${prefix}/com'
sysconfdir='/etc'
target_alias=''

## ----------- ##
## confdefs.h. ##
## ----------- ##

/* confdefs.h */
#define PACKAGE_NAME "e2guardian"
#define PACKAGE_TARNAME "e2guardian"
#define PACKAGE_VERSION "5.1.1"
#define PACKAGE_STRING "e2guardian 5.1.1"
#define PACKAGE_BUGREPORT ""
#define PACKAGE_URL ""
#define PACKAGE "e2guardian"
#define VERSION "5.1.1"
#define PACKAGE "e2guardian"
#define VERSION "5.1.1"
#define STDC_HEADERS 1
#define HAVE_SYS_TYPES_H 1
#define HAVE_SYS_STAT_H 1
#define HAVE_STDLIB_H 1
#define HAVE_STRING_H 1
#define HAVE_MEMORY_H 1
#define HAVE_STRINGS_H 1
#define HAVE_INTTYPES_H 1
#define HAVE_STDINT_H 1
#define HAVE_UNISTD_H 1
#define HAVE_ARPA_INET_H 1
#define HAVE_FCNTL_H 1
#define HAVE_LIMITS_H 1
#define HAVE_NETDB_H 1
#define HAVE_NETINET_IN_H 1
#define HAVE_STDLIB_H 1
#define HAVE_STRING_H 1
#define HAVE_SYS_SOCKET_H 1
#define HAVE_SYS_TIME_H 1
#define HAVE_SYSLOG_H 1
#define HAVE_UNISTD_H 1
#define HAVE_LOCALE_H 1
#define HAVE_SYS_TYPES_H 1
#define HAVE_SYS_UN_H 1
#define HAVE_SYS_POLL_H 1
#define HAVE_SYS_EPOLL_H 1
#define HAVE_SYS_RESOURCE_H 1
#define HAVE_PWD_H 1
#define HAVE_GRP_H 1
#define HAVE_BYTESWAP_H 1
#define HAVE_ZLIB_H 1
#define HAVE_FORK 1
#define HAVE_VFORK 1
#define HAVE_WORKING_VFORK 1
#define HAVE_WORKING_FORK 1
#define HAVE_DUP2 1
#define HAVE_GETTIMEOFDAY 1
#define HAVE_MEMSET 1
#define HAVE_SELECT 1
#define HAVE_STRERROR 1
#define HAVE_STRSTR 1
#define HAVE_STRTOL 1
#define HAVE_SETUID 1
#define HAVE_SETGID 1
#define HAVE_UMASK 1
#define HAVE_SETEUID 1
#define HAVE_SETREUID 1
#define HAVE_SETLOCALE 1
#define NEWDEBUG_ON 1
#define HAVE_PCRE /**/
#define HAVE_PTHREAD_H 1
#define OFFT_COLLISION /**/
#define ENABLE_CLAMD /**/
#define ENABLE_ICAP /**/
#define ENABLE_COMMANDLINE /**/
#define ENABLE_NTLM /**/
#define HAVE_ICONV 1
#define __SSLMITM /**/
#define __SSLCERT /**/
#define ENABLE_EMAIL /**/
#define DG_CONFIGURE_OPTIONS " '--prefix=/usr' '--enable-clamd=yes' '--with-proxyuser=e2guardian' '--with-proxygroup=e2guardian' '--sysconfdir=/etc' '--localstatedir=/var' '--enable-icap=yes' '--enable-commandline=yes' '--enable-email=yes' '--enable-ntlm=yes' '--enable-trickledm=yes' '--mandir=${prefix}/share/man' '--infodir=${prefix}/share/info' 'CXXFLAGS=-g -O2 -fstack-protector --param=ssp-buffer-size=4 -Wformat -Werror=format-security' 'LDFLAGS=-Wl,-z,relro' 'CPPFLAGS=-D_FORTIFY_SOURCE=2' 'CFLAGS=-g -O2 -fstack-protector --param=ssp-buffer-size=4 -Wformat -Werror=format-security' '--enable-pcre=yes' '--enable-locallists=yes' '--enable-sslmitm=yes'"

configure: exit 0
